<?xml version="1.0" encoding="UTF-8"?>
<testsuite xmlns:xsi="http://www.w3.org/2001/XMLSchema-instance" xsi:noNamespaceSchemaLocation="https://maven.apache.org/surefire/maven-surefire-plugin/xsd/surefire-test-report.xsd" name="com.micit.rop.NwsRoPservicesApplicationTests" time="0.508" tests="1" errors="1" skipped="0" failures="0">
  <properties>
    <property name="java.specification.version" value="17"/>
    <property name="sun.cpu.isalist" value="amd64"/>
    <property name="sun.jnu.encoding" value="Cp1252"/>
    <property name="java.class.path" value="D:\Moshina\NWS-ROPservices\target\test-classes;D:\Moshina\NWS-ROPservices\target\classes;C:\Users\prasanth.s\.m2\repository\org\springframework\boot\spring-boot-starter-actuator\2.7.9\spring-boot-starter-actuator-2.7.9.jar;C:\Users\prasanth.s\.m2\repository\org\springframework\boot\spring-boot-starter\2.7.9\spring-boot-starter-2.7.9.jar;C:\Users\prasanth.s\.m2\repository\org\springframework\boot\spring-boot\2.7.9\spring-boot-2.7.9.jar;C:\Users\prasanth.s\.m2\repository\org\springframework\boot\spring-boot-autoconfigure\2.7.9\spring-boot-autoconfigure-2.7.9.jar;C:\Users\prasanth.s\.m2\repository\org\springframework\boot\spring-boot-starter-logging\2.7.9\spring-boot-starter-logging-2.7.9.jar;C:\Users\prasanth.s\.m2\repository\ch\qos\logback\logback-classic\1.2.11\logback-classic-1.2.11.jar;C:\Users\prasanth.s\.m2\repository\ch\qos\logback\logback-core\1.2.11\logback-core-1.2.11.jar;C:\Users\prasanth.s\.m2\repository\org\apache\logging\log4j\log4j-to-slf4j\2.17.2\log4j-to-slf4j-2.17.2.jar;C:\Users\prasanth.s\.m2\repository\org\apache\logging\log4j\log4j-api\2.17.2\log4j-api-2.17.2.jar;C:\Users\prasanth.s\.m2\repository\org\slf4j\jul-to-slf4j\1.7.36\jul-to-slf4j-1.7.36.jar;C:\Users\prasanth.s\.m2\repository\org\yaml\snakeyaml\1.30\snakeyaml-1.30.jar;C:\Users\prasanth.s\.m2\repository\org\springframework\boot\spring-boot-actuator-autoconfigure\2.7.9\spring-boot-actuator-autoconfigure-2.7.9.jar;C:\Users\prasanth.s\.m2\repository\org\springframework\boot\spring-boot-actuator\2.7.9\spring-boot-actuator-2.7.9.jar;C:\Users\prasanth.s\.m2\repository\com\fasterxml\jackson\datatype\jackson-datatype-jsr310\2.13.5\jackson-datatype-jsr310-2.13.5.jar;C:\Users\prasanth.s\.m2\repository\io\micrometer\micrometer-core\1.9.8\micrometer-core-1.9.8.jar;C:\Users\prasanth.s\.m2\repository\org\hdrhistogram\HdrHistogram\2.1.12\HdrHistogram-2.1.12.jar;C:\Users\prasanth.s\.m2\repository\org\latencyutils\LatencyUtils\2.0.3\LatencyUtils-2.0.3.jar;C:\Users\prasanth.s\.m2\repository\javax\servlet\javax.servlet-api\4.0.1\javax.servlet-api-4.0.1.jar;C:\Users\prasanth.s\.m2\repository\com\fasterxml\jackson\core\jackson-databind\2.13.5\jackson-databind-2.13.5.jar;C:\Users\prasanth.s\.m2\repository\com\fasterxml\jackson\core\jackson-annotations\2.13.5\jackson-annotations-2.13.5.jar;C:\Users\prasanth.s\.m2\repository\com\fasterxml\jackson\core\jackson-core\2.13.5\jackson-core-2.13.5.jar;C:\Users\prasanth.s\.m2\repository\com\oracle\database\jdbc\ojdbc8\21.5.0.0\ojdbc8-21.5.0.0.jar;C:\Users\prasanth.s\.m2\repository\org\springframework\boot\spring-boot-starter-test\2.7.9\spring-boot-starter-test-2.7.9.jar;C:\Users\prasanth.s\.m2\repository\org\springframework\boot\spring-boot-test\2.7.9\spring-boot-test-2.7.9.jar;C:\Users\prasanth.s\.m2\repository\org\springframework\boot\spring-boot-test-autoconfigure\2.7.9\spring-boot-test-autoconfigure-2.7.9.jar;C:\Users\prasanth.s\.m2\repository\com\jayway\jsonpath\json-path\2.7.0\json-path-2.7.0.jar;C:\Users\prasanth.s\.m2\repository\net\minidev\json-smart\2.4.8\json-smart-2.4.8.jar;C:\Users\prasanth.s\.m2\repository\net\minidev\accessors-smart\2.4.8\accessors-smart-2.4.8.jar;C:\Users\prasanth.s\.m2\repository\jakarta\xml\bind\jakarta.xml.bind-api\2.3.3\jakarta.xml.bind-api-2.3.3.jar;C:\Users\prasanth.s\.m2\repository\jakarta\activation\jakarta.activation-api\1.2.2\jakarta.activation-api-1.2.2.jar;C:\Users\prasanth.s\.m2\repository\org\assertj\assertj-core\3.22.0\assertj-core-3.22.0.jar;C:\Users\prasanth.s\.m2\repository\org\hamcrest\hamcrest\2.2\hamcrest-2.2.jar;C:\Users\prasanth.s\.m2\repository\org\junit\jupiter\junit-jupiter\5.8.2\junit-jupiter-5.8.2.jar;C:\Users\prasanth.s\.m2\repository\org\junit\jupiter\junit-jupiter-api\5.8.2\junit-jupiter-api-5.8.2.jar;C:\Users\prasanth.s\.m2\repository\org\opentest4j\opentest4j\1.2.0\opentest4j-1.2.0.jar;C:\Users\prasanth.s\.m2\repository\org\junit\platform\junit-platform-commons\1.8.2\junit-platform-commons-1.8.2.jar;C:\Users\prasanth.s\.m2\repository\org\apiguardian\apiguardian-api\1.1.2\apiguardian-api-1.1.2.jar;C:\Users\prasanth.s\.m2\repository\org\junit\jupiter\junit-jupiter-params\5.8.2\junit-jupiter-params-5.8.2.jar;C:\Users\prasanth.s\.m2\repository\org\junit\jupiter\junit-jupiter-engine\5.8.2\junit-jupiter-engine-5.8.2.jar;C:\Users\prasanth.s\.m2\repository\org\junit\platform\junit-platform-engine\1.8.2\junit-platform-engine-1.8.2.jar;C:\Users\prasanth.s\.m2\repository\org\mockito\mockito-core\4.5.1\mockito-core-4.5.1.jar;C:\Users\prasanth.s\.m2\repository\net\bytebuddy\byte-buddy\1.12.23\byte-buddy-1.12.23.jar;C:\Users\prasanth.s\.m2\repository\net\bytebuddy\byte-buddy-agent\1.12.23\byte-buddy-agent-1.12.23.jar;C:\Users\prasanth.s\.m2\repository\org\objenesis\objenesis\3.2\objenesis-3.2.jar;C:\Users\prasanth.s\.m2\repository\org\mockito\mockito-junit-jupiter\4.5.1\mockito-junit-jupiter-4.5.1.jar;C:\Users\prasanth.s\.m2\repository\org\skyscreamer\jsonassert\1.5.1\jsonassert-1.5.1.jar;C:\Users\prasanth.s\.m2\repository\com\vaadin\external\google\android-json\0.0.20131108.vaadin1\android-json-0.0.20131108.vaadin1.jar;C:\Users\prasanth.s\.m2\repository\org\springframework\spring-core\5.3.25\spring-core-5.3.25.jar;C:\Users\prasanth.s\.m2\repository\org\springframework\spring-jcl\5.3.25\spring-jcl-5.3.25.jar;C:\Users\prasanth.s\.m2\repository\org\springframework\spring-test\5.3.25\spring-test-5.3.25.jar;C:\Users\prasanth.s\.m2\repository\org\xmlunit\xmlunit-core\2.9.1\xmlunit-core-2.9.1.jar;C:\Users\prasanth.s\.m2\repository\org\springframework\boot\spring-boot-starter-web-services\2.7.9\spring-boot-starter-web-services-2.7.9.jar;C:\Users\prasanth.s\.m2\repository\com\sun\xml\messaging\saaj\saaj-impl\1.5.3\saaj-impl-1.5.3.jar;C:\Users\prasanth.s\.m2\repository\jakarta\xml\ws\jakarta.xml.ws-api\2.3.3\jakarta.xml.ws-api-2.3.3.jar;C:\Users\prasanth.s\.m2\repository\org\springframework\spring-oxm\5.3.25\spring-oxm-5.3.25.jar;C:\Users\prasanth.s\.m2\repository\org\springframework\ws\spring-ws-core\3.1.5\spring-ws-core-3.1.5.jar;C:\Users\prasanth.s\.m2\repository\org\springframework\spring-aop\5.3.25\spring-aop-5.3.25.jar;C:\Users\prasanth.s\.m2\repository\com\microsoft\sqlserver\mssql-jdbc\10.2.3.jre8\mssql-jdbc-10.2.3.jre8.jar;C:\Users\prasanth.s\.m2\repository\com\fasterxml\jackson\dataformat\jackson-dataformat-xml\2.13.5\jackson-dataformat-xml-2.13.5.jar;C:\Users\prasanth.s\.m2\repository\org\codehaus\woodstox\stax2-api\4.2.1\stax2-api-4.2.1.jar;C:\Users\prasanth.s\.m2\repository\com\fasterxml\woodstox\woodstox-core\6.4.0\woodstox-core-6.4.0.jar;C:\Users\prasanth.s\.m2\repository\org\springframework\boot\spring-boot-starter-web\2.7.9\spring-boot-starter-web-2.7.9.jar;C:\Users\prasanth.s\.m2\repository\org\springframework\boot\spring-boot-starter-json\2.7.9\spring-boot-starter-json-2.7.9.jar;C:\Users\prasanth.s\.m2\repository\com\fasterxml\jackson\datatype\jackson-datatype-jdk8\2.13.5\jackson-datatype-jdk8-2.13.5.jar;C:\Users\prasanth.s\.m2\repository\com\fasterxml\jackson\module\jackson-module-parameter-names\2.13.5\jackson-module-parameter-names-2.13.5.jar;C:\Users\prasanth.s\.m2\repository\org\springframework\boot\spring-boot-starter-tomcat\2.7.9\spring-boot-starter-tomcat-2.7.9.jar;C:\Users\prasanth.s\.m2\repository\org\apache\tomcat\embed\tomcat-embed-core\9.0.71\tomcat-embed-core-9.0.71.jar;C:\Users\prasanth.s\.m2\repository\org\apache\tomcat\embed\tomcat-embed-el\9.0.71\tomcat-embed-el-9.0.71.jar;C:\Users\prasanth.s\.m2\repository\org\apache\tomcat\embed\tomcat-embed-websocket\9.0.71\tomcat-embed-websocket-9.0.71.jar;C:\Users\prasanth.s\.m2\repository\org\springframework\spring-web\5.3.25\spring-web-5.3.25.jar;C:\Users\prasanth.s\.m2\repository\org\springframework\spring-webmvc\5.3.25\spring-webmvc-5.3.25.jar;C:\Users\prasanth.s\.m2\repository\org\springframework\spring-context\5.3.25\spring-context-5.3.25.jar;C:\Users\prasanth.s\.m2\repository\org\springframework\spring-expression\5.3.25\spring-expression-5.3.25.jar;C:\Users\prasanth.s\.m2\repository\org\apache\cxf\cxf-spring-boot-starter-jaxrs\3.6.0\cxf-spring-boot-starter-jaxrs-3.6.0.jar;C:\Users\prasanth.s\.m2\repository\org\apache\cxf\cxf-spring-boot-autoconfigure\3.6.0\cxf-spring-boot-autoconfigure-3.6.0.jar;C:\Users\prasanth.s\.m2\repository\org\apache\cxf\cxf-rt-transports-http\3.6.0\cxf-rt-transports-http-3.6.0.jar;C:\Users\prasanth.s\.m2\repository\org\apache\cxf\cxf-rt-frontend-jaxrs\3.6.0\cxf-rt-frontend-jaxrs-3.6.0.jar;C:\Users\prasanth.s\.m2\repository\jakarta\ws\rs\jakarta.ws.rs-api\2.1.6\jakarta.ws.rs-api-2.1.6.jar;C:\Users\prasanth.s\.m2\repository\org\apache\cxf\cxf-rt-security\3.6.0\cxf-rt-security-3.6.0.jar;C:\Users\prasanth.s\.m2\repository\org\apache\cxf\cxf-rt-rs-client\3.6.0\cxf-rt-rs-client-3.6.0.jar;C:\Users\prasanth.s\.m2\repository\jakarta\validation\jakarta.validation-api\2.0.2\jakarta.validation-api-2.0.2.jar;C:\Users\prasanth.s\.m2\repository\org\springframework\boot\spring-boot-starter-validation\2.7.9\spring-boot-starter-validation-2.7.9.jar;C:\Users\prasanth.s\.m2\repository\org\hibernate\validator\hibernate-validator\6.2.5.Final\hibernate-validator-6.2.5.Final.jar;C:\Users\prasanth.s\.m2\repository\org\jboss\logging\jboss-logging\3.4.3.Final\jboss-logging-3.4.3.Final.jar;C:\Users\prasanth.s\.m2\repository\com\fasterxml\classmate\1.5.1\classmate-1.5.1.jar;C:\Users\prasanth.s\.m2\repository\org\jvnet\jaxb2\maven2\maven-jaxb2-plugin\0.14.0\maven-jaxb2-plugin-0.14.0.jar;C:\Users\prasanth.s\.m2\repository\org\jvnet\jaxb2\maven2\maven-jaxb2-plugin-core\0.14.0\maven-jaxb2-plugin-core-0.14.0.jar;C:\Users\prasanth.s\.m2\repository\org\apache\commons\commons-lang3\3.12.0\commons-lang3-3.12.0.jar;C:\Users\prasanth.s\.m2\repository\com\sun\org\apache\xml\internal\resolver\20050927\resolver-20050927.jar;C:\Users\prasanth.s\.m2\repository\org\apache\maven\maven-plugin-api\2.0.9\maven-plugin-api-2.0.9.jar;C:\Users\prasanth.s\.m2\repository\org\sonatype\plexus\plexus-build-api\0.0.7\plexus-build-api-0.0.7.jar;C:\Users\prasanth.s\.m2\repository\org\apache\maven\maven-project\2.0.9\maven-project-2.0.9.jar;C:\Users\prasanth.s\.m2\repository\org\apache\maven\maven-settings\2.0.9\maven-settings-2.0.9.jar;C:\Users\prasanth.s\.m2\repository\org\apache\maven\maven-profile\2.0.9\maven-profile-2.0.9.jar;C:\Users\prasanth.s\.m2\repository\org\apache\maven\maven-model\2.0.9\maven-model-2.0.9.jar;C:\Users\prasanth.s\.m2\repository\org\apache\maven\maven-artifact-manager\2.0.9\maven-artifact-manager-2.0.9.jar;C:\Users\prasanth.s\.m2\repository\org\apache\maven\maven-repository-metadata\2.0.9\maven-repository-metadata-2.0.9.jar;C:\Users\prasanth.s\.m2\repository\org\apache\maven\wagon\wagon-provider-api\1.0-beta-2\wagon-provider-api-1.0-beta-2.jar;C:\Users\prasanth.s\.m2\repository\org\apache\maven\maven-plugin-registry\2.0.9\maven-plugin-registry-2.0.9.jar;C:\Users\prasanth.s\.m2\repository\org\codehaus\plexus\plexus-container-default\1.0-alpha-9-stable-1\plexus-container-default-1.0-alpha-9-stable-1.jar;C:\Users\prasanth.s\.m2\repository\junit\junit\4.13.2\junit-4.13.2.jar;C:\Users\prasanth.s\.m2\repository\org\hamcrest\hamcrest-core\2.2\hamcrest-core-2.2.jar;C:\Users\prasanth.s\.m2\repository\classworlds\classworlds\1.1-alpha-2\classworlds-1.1-alpha-2.jar;C:\Users\prasanth.s\.m2\repository\org\codehaus\plexus\plexus-utils\1.5.15\plexus-utils-1.5.15.jar;C:\Users\prasanth.s\.m2\repository\org\jvnet\jaxb2\maven2\maven-jaxb23-plugin\0.14.0\maven-jaxb23-plugin-0.14.0.jar;C:\Users\prasanth.s\.m2\repository\org\glassfish\jaxb\jaxb-xjc-jdk9\2.3.0\jaxb-xjc-jdk9-2.3.0.jar;C:\Users\prasanth.s\.m2\repository\org\glassfish\jaxb\xsom\2.3.8\xsom-2.3.8.jar;C:\Users\prasanth.s\.m2\repository\com\sun\xml\bind\external\relaxng-datatype\2.3.8\relaxng-datatype-2.3.8.jar;C:\Users\prasanth.s\.m2\repository\org\glassfish\jaxb\codemodel\2.3.8\codemodel-2.3.8.jar;C:\Users\prasanth.s\.m2\repository\com\sun\xml\bind\external\rngom\2.3.0\rngom-2.3.0.jar;C:\Users\prasanth.s\.m2\repository\com\sun\istack\istack-commons-tools\3.0.5\istack-commons-tools-3.0.5.jar;C:\Users\prasanth.s\.m2\repository\org\apache\ant\ant\1.7.0\ant-1.7.0.jar;C:\Users\prasanth.s\.m2\repository\org\apache\ant\ant-launcher\1.7.0\ant-launcher-1.7.0.jar;C:\Users\prasanth.s\.m2\repository\relaxngDatatype\relaxngDatatype\20020414\relaxngDatatype-20020414.jar;C:\Users\prasanth.s\.m2\repository\com\sun\activation\javax.activation\1.2.0\javax.activation-1.2.0.jar;C:\Users\prasanth.s\.m2\repository\org\apache\maven\plugin-tools\maven-plugin-annotations\3.5\maven-plugin-annotations-3.5.jar;C:\Users\prasanth.s\.m2\repository\org\apache\maven\maven-artifact\3.0\maven-artifact-3.0.jar;C:\Users\prasanth.s\.m2\repository\com\google\code\gson\gson\2.9.1\gson-2.9.1.jar;C:\Users\prasanth.s\.m2\repository\org\apache\cxf\cxf-rt-ws-security\3.6.0\cxf-rt-ws-security-3.6.0.jar;C:\Users\prasanth.s\.m2\repository\org\apache\cxf\cxf-core\3.6.0\cxf-core-3.6.0.jar;C:\Users\prasanth.s\.m2\repository\org\apache\ws\xmlschema\xmlschema-core\2.3.0\xmlschema-core-2.3.0.jar;C:\Users\prasanth.s\.m2\repository\org\apache\cxf\cxf-rt-bindings-soap\3.6.0\cxf-rt-bindings-soap-3.6.0.jar;C:\Users\prasanth.s\.m2\repository\org\apache\cxf\cxf-rt-wsdl\3.6.0\cxf-rt-wsdl-3.6.0.jar;C:\Users\prasanth.s\.m2\repository\org\apache\cxf\cxf-rt-databinding-jaxb\3.6.0\cxf-rt-databinding-jaxb-3.6.0.jar;C:\Users\prasanth.s\.m2\repository\org\apache\cxf\cxf-rt-security-saml\3.6.0\cxf-rt-security-saml-3.6.0.jar;C:\Users\prasanth.s\.m2\repository\org\ehcache\ehcache\3.10.8\ehcache-3.10.8.jar;C:\Users\prasanth.s\.m2\repository\javax\cache\cache-api\1.1.1\cache-api-1.1.1.jar;C:\Users\prasanth.s\.m2\repository\org\apache\wss4j\wss4j-ws-security-dom\2.4.1\wss4j-ws-security-dom-2.4.1.jar;C:\Users\prasanth.s\.m2\repository\org\apache\wss4j\wss4j-ws-security-common\2.4.1\wss4j-ws-security-common-2.4.1.jar;C:\Users\prasanth.s\.m2\repository\org\opensaml\opensaml-saml-impl\3.4.6\opensaml-saml-impl-3.4.6.jar;C:\Users\prasanth.s\.m2\repository\org\opensaml\opensaml-profile-api\3.4.6\opensaml-profile-api-3.4.6.jar;C:\Users\prasanth.s\.m2\repository\org\opensaml\opensaml-core\3.4.6\opensaml-core-3.4.6.jar;C:\Users\prasanth.s\.m2\repository\io\dropwizard\metrics\metrics-core\4.2.16\metrics-core-4.2.16.jar;C:\Users\prasanth.s\.m2\repository\org\opensaml\opensaml-saml-api\3.4.6\opensaml-saml-api-3.4.6.jar;C:\Users\prasanth.s\.m2\repository\org\opensaml\opensaml-xmlsec-api\3.4.6\opensaml-xmlsec-api-3.4.6.jar;C:\Users\prasanth.s\.m2\repository\org\opensaml\opensaml-soap-api\3.4.6\opensaml-soap-api-3.4.6.jar;C:\Users\prasanth.s\.m2\repository\org\opensaml\opensaml-security-impl\3.4.6\opensaml-security-impl-3.4.6.jar;C:\Users\prasanth.s\.m2\repository\org\opensaml\opensaml-security-api\3.4.6\opensaml-security-api-3.4.6.jar;C:\Users\prasanth.s\.m2\repository\org\opensaml\opensaml-xmlsec-impl\3.4.6\opensaml-xmlsec-impl-3.4.6.jar;C:\Users\prasanth.s\.m2\repository\net\shibboleth\utilities\java-support\7.5.2\java-support-7.5.2.jar;C:\Users\prasanth.s\.m2\repository\org\cryptacular\cryptacular\1.2.4\cryptacular-1.2.4.jar;C:\Users\prasanth.s\.m2\repository\org\bouncycastle\bcprov-jdk15on\1.64\bcprov-jdk15on-1.64.jar;C:\Users\prasanth.s\.m2\repository\joda-time\joda-time\2.10.10\joda-time-2.10.10.jar;C:\Users\prasanth.s\.m2\repository\com\google\guava\guava\30.1-jre\guava-30.1-jre.jar;C:\Users\prasanth.s\.m2\repository\com\google\guava\failureaccess\1.0.1\failureaccess-1.0.1.jar;C:\Users\prasanth.s\.m2\repository\org\opensaml\opensaml-xacml-impl\3.4.6\opensaml-xacml-impl-3.4.6.jar;C:\Users\prasanth.s\.m2\repository\org\opensaml\opensaml-xacml-api\3.4.6\opensaml-xacml-api-3.4.6.jar;C:\Users\prasanth.s\.m2\repository\org\opensaml\opensaml-xacml-saml-impl\3.4.6\opensaml-xacml-saml-impl-3.4.6.jar;C:\Users\prasanth.s\.m2\repository\org\opensaml\opensaml-xacml-saml-api\3.4.6\opensaml-xacml-saml-api-3.4.6.jar;C:\Users\prasanth.s\.m2\repository\org\jasypt\jasypt\1.9.3\jasypt-1.9.3.jar;C:\Users\prasanth.s\.m2\repository\org\apache\geronimo\javamail\geronimo-javamail_1.4_mail\1.8.4\geronimo-javamail_1.4_mail-1.8.4.jar;C:\Users\prasanth.s\.m2\repository\org\apache\wss4j\wss4j-policy\2.4.1\wss4j-policy-2.4.1.jar;C:\Users\prasanth.s\.m2\repository\org\apache\neethi\neethi\3.1.1\neethi-3.1.1.jar;C:\Users\prasanth.s\.m2\repository\org\apache\wss4j\wss4j-ws-security-stax\2.4.1\wss4j-ws-security-stax-2.4.1.jar;C:\Users\prasanth.s\.m2\repository\org\apache\wss4j\wss4j-bindings\2.4.1\wss4j-bindings-2.4.1.jar;C:\Users\prasanth.s\.m2\repository\org\apache\wss4j\wss4j-ws-security-policy-stax\2.4.1\wss4j-ws-security-policy-stax-2.4.1.jar;C:\Users\prasanth.s\.m2\repository\org\springframework\ws\spring-ws-security\3.1.3\spring-ws-security-3.1.3.jar;C:\Users\prasanth.s\.m2\repository\org\springframework\ws\spring-xml\3.1.5\spring-xml-3.1.5.jar;C:\Users\prasanth.s\.m2\repository\org\springframework\spring-beans\5.3.25\spring-beans-5.3.25.jar;C:\Users\prasanth.s\.m2\repository\org\springframework\spring-tx\5.3.25\spring-tx-5.3.25.jar;C:\Users\prasanth.s\.m2\repository\org\springframework\security\spring-security-core\5.7.7\spring-security-core-5.7.7.jar;C:\Users\prasanth.s\.m2\repository\org\springframework\security\spring-security-crypto\5.7.7\spring-security-crypto-5.7.7.jar;C:\Users\prasanth.s\.m2\repository\net\sf\ehcache\ehcache\2.10.9.2\ehcache-2.10.9.2.jar;C:\Users\prasanth.s\.m2\repository\org\slf4j\slf4j-api\1.7.36\slf4j-api-1.7.36.jar;C:\Users\prasanth.s\.m2\repository\org\apache\santuario\xmlsec\2.3.0\xmlsec-2.3.0.jar;C:\Users\prasanth.s\.m2\repository\commons-codec\commons-codec\1.15\commons-codec-1.15.jar;C:\Users\prasanth.s\.m2\repository\org\jvnet\staxex\stax-ex\1.8.3\stax-ex-1.8.3.jar;C:\Users\prasanth.s\.m2\repository\org\apache\cxf\cxf-spring-boot-starter-jaxws\3.6.0\cxf-spring-boot-starter-jaxws-3.6.0.jar;C:\Users\prasanth.s\.m2\repository\org\apache\cxf\cxf-rt-frontend-jaxws\3.6.0\cxf-rt-frontend-jaxws-3.6.0.jar;C:\Users\prasanth.s\.m2\repository\xml-resolver\xml-resolver\1.2\xml-resolver-1.2.jar;C:\Users\prasanth.s\.m2\repository\org\ow2\asm\asm\9.5\asm-9.5.jar;C:\Users\prasanth.s\.m2\repository\org\apache\cxf\cxf-rt-bindings-xml\3.6.0\cxf-rt-bindings-xml-3.6.0.jar;C:\Users\prasanth.s\.m2\repository\org\apache\cxf\cxf-rt-frontend-simple\3.6.0\cxf-rt-frontend-simple-3.6.0.jar;C:\Users\prasanth.s\.m2\repository\org\apache\cxf\cxf-rt-ws-addr\3.6.0\cxf-rt-ws-addr-3.6.0.jar;C:\Users\prasanth.s\.m2\repository\org\apache\cxf\cxf-rt-ws-policy\3.6.0\cxf-rt-ws-policy-3.6.0.jar;C:\Users\prasanth.s\.m2\repository\org\apache\cxf\cxf-rt-features-metrics\3.6.0\cxf-rt-features-metrics-3.6.0.jar;C:\Users\prasanth.s\.m2\repository\org\apache\cxf\cxf-codegen-plugin\3.6.0\cxf-codegen-plugin-3.6.0.jar;C:\Users\prasanth.s\.m2\repository\org\codehaus\plexus\plexus-archiver\4.6.3\plexus-archiver-4.6.3.jar;C:\Users\prasanth.s\.m2\repository\javax\inject\javax.inject\1\javax.inject-1.jar;C:\Users\prasanth.s\.m2\repository\org\codehaus\plexus\plexus-io\3.4.1\plexus-io-3.4.1.jar;C:\Users\prasanth.s\.m2\repository\commons-io\commons-io\2.11.0\commons-io-2.11.0.jar;C:\Users\prasanth.s\.m2\repository\org\apache\commons\commons-compress\1.22\commons-compress-1.22.jar;C:\Users\prasanth.s\.m2\repository\org\iq80\snappy\snappy\0.4\snappy-0.4.jar;C:\Users\prasanth.s\.m2\repository\org\tukaani\xz\1.9\xz-1.9.jar;C:\Users\prasanth.s\.m2\repository\com\github\luben\zstd-jni\1.5.4-2\zstd-jni-1.5.4-2.jar;C:\Users\prasanth.s\.m2\repository\org\apache\cxf\cxf-tools-common\3.6.0\cxf-tools-common-3.6.0.jar;C:\Users\prasanth.s\.m2\repository\org\apache\velocity\velocity-engine-core\2.3\velocity-engine-core-2.3.jar;C:\Users\prasanth.s\.m2\repository\wsdl4j\wsdl4j\1.6.3\wsdl4j-1.6.3.jar;C:\Users\prasanth.s\.m2\repository\org\glassfish\jaxb\jaxb-xjc\2.3.8\jaxb-xjc-2.3.8.jar;C:\Users\prasanth.s\.m2\repository\com\sun\xml\dtd-parser\dtd-parser\1.4.5\dtd-parser-1.4.5.jar;C:\Users\prasanth.s\.m2\repository\org\apache\cxf\cxf-tools-wsdlto-core\3.6.0\cxf-tools-wsdlto-core-3.6.0.jar;C:\Users\prasanth.s\.m2\repository\org\apache\cxf\cxf-tools-validator\3.6.0\cxf-tools-validator-3.6.0.jar;C:\Users\prasanth.s\.m2\repository\org\apache\cxf\cxf-tools-wsdlto-databinding-jaxb\3.6.0\cxf-tools-wsdlto-databinding-jaxb-3.6.0.jar;C:\Users\prasanth.s\.m2\repository\org\apache\cxf\cxf-tools-wsdlto-frontend-jaxws\3.6.0\cxf-tools-wsdlto-frontend-jaxws-3.6.0.jar;C:\Users\prasanth.s\.m2\repository\org\apache\commons\commons-text\1.10.0\commons-text-1.10.0.jar;C:\Users\prasanth.s\.m2\repository\org\apache\cxf\cxf-tools-wsdlto-frontend-javascript\3.6.0\cxf-tools-wsdlto-frontend-javascript-3.6.0.jar;C:\Users\prasanth.s\.m2\repository\org\apache\cxf\cxf-rt-javascript\3.6.0\cxf-rt-javascript-3.6.0.jar;C:\Users\prasanth.s\.m2\repository\javax\xml\bind\jaxb-api\2.3.1\jaxb-api-2.3.1.jar;C:\Users\prasanth.s\.m2\repository\javax\activation\javax.activation-api\1.2.0\javax.activation-api-1.2.0.jar;C:\Users\prasanth.s\.m2\repository\org\glassfish\jaxb\jaxb-runtime\2.3.8\jaxb-runtime-2.3.8.jar;C:\Users\prasanth.s\.m2\repository\org\glassfish\jaxb\txw2\2.3.8\txw2-2.3.8.jar;C:\Users\prasanth.s\.m2\repository\com\sun\istack\istack-commons-runtime\3.0.12\istack-commons-runtime-3.0.12.jar;C:\Users\prasanth.s\.m2\repository\com\sun\activation\jakarta.activation\1.2.2\jakarta.activation-1.2.2.jar;C:\Users\prasanth.s\.m2\repository\com\sun\xml\ws\policy\2.7.10\policy-2.7.10.jar;C:\Users\prasanth.s\.m2\repository\com\sun\xml\bind\jaxb-impl\2.3.3\jaxb-impl-2.3.3.jar;C:\Users\prasanth.s\.m2\repository\org\glassfish\ha\ha-api\3.1.12\ha-api-3.1.12.jar;C:\Users\prasanth.s\.m2\repository\org\glassfish\external\management-api\3.2.2\management-api-3.2.2.jar;C:\Users\prasanth.s\.m2\repository\org\glassfish\gmbal\gmbal\4.0.1\gmbal-4.0.1.jar;C:\Users\prasanth.s\.m2\repository\org\glassfish\pfl\pfl-tf\4.1.0\pfl-tf-4.1.0.jar;C:\Users\prasanth.s\.m2\repository\org\glassfish\pfl\pfl-basic\4.1.0\pfl-basic-4.1.0.jar;C:\Users\prasanth.s\.m2\repository\com\sun\xml\stream\buffer\streambuffer\1.5.9\streambuffer-1.5.9.jar;C:\Users\prasanth.s\.m2\repository\org\jvnet\mimepull\mimepull\1.9.13\mimepull-1.9.13.jar;C:\Users\prasanth.s\.m2\repository\com\sun\xml\fastinfoset\FastInfoset\1.2.18\FastInfoset-1.2.18.jar;C:\Users\prasanth.s\.m2\repository\jakarta\xml\soap\jakarta.xml.soap-api\1.4.2\jakarta.xml.soap-api-1.4.2.jar;C:\Users\prasanth.s\.m2\repository\jakarta\jws\jakarta.jws-api\2.1.0\jakarta.jws-api-2.1.0.jar;C:\Users\prasanth.s\.m2\repository\jakarta\annotation\jakarta.annotation-api\1.3.5\jakarta.annotation-api-1.3.5.jar;C:\Users\prasanth.s\.m2\repository\com\sun\xml\ws\rt\2.3.3\rt-2.3.3.jar;"/>
    <property name="java.vm.vendor" value="Eclipse Adoptium"/>
    <property name="sun.arch.data.model" value="64"/>
    <property name="user.variant" value=""/>
    <property name="java.vendor.url" value="https://adoptium.net/"/>
    <property name="user.timezone" value="Asia/Muscat"/>
    <property name="os.name" value="Windows Server 2019"/>
    <property name="java.vm.specification.version" value="17"/>
    <property name="sun.java.launcher" value="SUN_STANDARD"/>
    <property name="user.country" value="US"/>
    <property name="sun.boot.library.path" value="C:\sts-4.18.1.RELEASE\plugins\org.eclipse.justj.openjdk.hotspot.jre.full.win32.x86_64_17.0.7.v20230425-1502\jre\bin"/>
    <property name="sun.java.command" value="C:\Users\prasanth.s\AppData\Local\Temp\2\surefire3996919246130984611\surefirebooter10315007302150553990.jar C:\Users\prasanth.s\AppData\Local\Temp\2\surefire3996919246130984611 2024-09-23T10-16-44_489-jvmRun1 surefire17139245034985962456tmp surefire_017420696091160193494tmp"/>
    <property name="jdk.debug" value="release"/>
    <property name="surefire.test.class.path" value="D:\Moshina\NWS-ROPservices\target\test-classes;D:\Moshina\NWS-ROPservices\target\classes;C:\Users\prasanth.s\.m2\repository\org\springframework\boot\spring-boot-starter-actuator\2.7.9\spring-boot-starter-actuator-2.7.9.jar;C:\Users\prasanth.s\.m2\repository\org\springframework\boot\spring-boot-starter\2.7.9\spring-boot-starter-2.7.9.jar;C:\Users\prasanth.s\.m2\repository\org\springframework\boot\spring-boot\2.7.9\spring-boot-2.7.9.jar;C:\Users\prasanth.s\.m2\repository\org\springframework\boot\spring-boot-autoconfigure\2.7.9\spring-boot-autoconfigure-2.7.9.jar;C:\Users\prasanth.s\.m2\repository\org\springframework\boot\spring-boot-starter-logging\2.7.9\spring-boot-starter-logging-2.7.9.jar;C:\Users\prasanth.s\.m2\repository\ch\qos\logback\logback-classic\1.2.11\logback-classic-1.2.11.jar;C:\Users\prasanth.s\.m2\repository\ch\qos\logback\logback-core\1.2.11\logback-core-1.2.11.jar;C:\Users\prasanth.s\.m2\repository\org\apache\logging\log4j\log4j-to-slf4j\2.17.2\log4j-to-slf4j-2.17.2.jar;C:\Users\prasanth.s\.m2\repository\org\apache\logging\log4j\log4j-api\2.17.2\log4j-api-2.17.2.jar;C:\Users\prasanth.s\.m2\repository\org\slf4j\jul-to-slf4j\1.7.36\jul-to-slf4j-1.7.36.jar;C:\Users\prasanth.s\.m2\repository\org\yaml\snakeyaml\1.30\snakeyaml-1.30.jar;C:\Users\prasanth.s\.m2\repository\org\springframework\boot\spring-boot-actuator-autoconfigure\2.7.9\spring-boot-actuator-autoconfigure-2.7.9.jar;C:\Users\prasanth.s\.m2\repository\org\springframework\boot\spring-boot-actuator\2.7.9\spring-boot-actuator-2.7.9.jar;C:\Users\prasanth.s\.m2\repository\com\fasterxml\jackson\datatype\jackson-datatype-jsr310\2.13.5\jackson-datatype-jsr310-2.13.5.jar;C:\Users\prasanth.s\.m2\repository\io\micrometer\micrometer-core\1.9.8\micrometer-core-1.9.8.jar;C:\Users\prasanth.s\.m2\repository\org\hdrhistogram\HdrHistogram\2.1.12\HdrHistogram-2.1.12.jar;C:\Users\prasanth.s\.m2\repository\org\latencyutils\LatencyUtils\2.0.3\LatencyUtils-2.0.3.jar;C:\Users\prasanth.s\.m2\repository\javax\servlet\javax.servlet-api\4.0.1\javax.servlet-api-4.0.1.jar;C:\Users\prasanth.s\.m2\repository\com\fasterxml\jackson\core\jackson-databind\2.13.5\jackson-databind-2.13.5.jar;C:\Users\prasanth.s\.m2\repository\com\fasterxml\jackson\core\jackson-annotations\2.13.5\jackson-annotations-2.13.5.jar;C:\Users\prasanth.s\.m2\repository\com\fasterxml\jackson\core\jackson-core\2.13.5\jackson-core-2.13.5.jar;C:\Users\prasanth.s\.m2\repository\com\oracle\database\jdbc\ojdbc8\21.5.0.0\ojdbc8-21.5.0.0.jar;C:\Users\prasanth.s\.m2\repository\org\springframework\boot\spring-boot-starter-test\2.7.9\spring-boot-starter-test-2.7.9.jar;C:\Users\prasanth.s\.m2\repository\org\springframework\boot\spring-boot-test\2.7.9\spring-boot-test-2.7.9.jar;C:\Users\prasanth.s\.m2\repository\org\springframework\boot\spring-boot-test-autoconfigure\2.7.9\spring-boot-test-autoconfigure-2.7.9.jar;C:\Users\prasanth.s\.m2\repository\com\jayway\jsonpath\json-path\2.7.0\json-path-2.7.0.jar;C:\Users\prasanth.s\.m2\repository\net\minidev\json-smart\2.4.8\json-smart-2.4.8.jar;C:\Users\prasanth.s\.m2\repository\net\minidev\accessors-smart\2.4.8\accessors-smart-2.4.8.jar;C:\Users\prasanth.s\.m2\repository\jakarta\xml\bind\jakarta.xml.bind-api\2.3.3\jakarta.xml.bind-api-2.3.3.jar;C:\Users\prasanth.s\.m2\repository\jakarta\activation\jakarta.activation-api\1.2.2\jakarta.activation-api-1.2.2.jar;C:\Users\prasanth.s\.m2\repository\org\assertj\assertj-core\3.22.0\assertj-core-3.22.0.jar;C:\Users\prasanth.s\.m2\repository\org\hamcrest\hamcrest\2.2\hamcrest-2.2.jar;C:\Users\prasanth.s\.m2\repository\org\junit\jupiter\junit-jupiter\5.8.2\junit-jupiter-5.8.2.jar;C:\Users\prasanth.s\.m2\repository\org\junit\jupiter\junit-jupiter-api\5.8.2\junit-jupiter-api-5.8.2.jar;C:\Users\prasanth.s\.m2\repository\org\opentest4j\opentest4j\1.2.0\opentest4j-1.2.0.jar;C:\Users\prasanth.s\.m2\repository\org\junit\platform\junit-platform-commons\1.8.2\junit-platform-commons-1.8.2.jar;C:\Users\prasanth.s\.m2\repository\org\apiguardian\apiguardian-api\1.1.2\apiguardian-api-1.1.2.jar;C:\Users\prasanth.s\.m2\repository\org\junit\jupiter\junit-jupiter-params\5.8.2\junit-jupiter-params-5.8.2.jar;C:\Users\prasanth.s\.m2\repository\org\junit\jupiter\junit-jupiter-engine\5.8.2\junit-jupiter-engine-5.8.2.jar;C:\Users\prasanth.s\.m2\repository\org\junit\platform\junit-platform-engine\1.8.2\junit-platform-engine-1.8.2.jar;C:\Users\prasanth.s\.m2\repository\org\mockito\mockito-core\4.5.1\mockito-core-4.5.1.jar;C:\Users\prasanth.s\.m2\repository\net\bytebuddy\byte-buddy\1.12.23\byte-buddy-1.12.23.jar;C:\Users\prasanth.s\.m2\repository\net\bytebuddy\byte-buddy-agent\1.12.23\byte-buddy-agent-1.12.23.jar;C:\Users\prasanth.s\.m2\repository\org\objenesis\objenesis\3.2\objenesis-3.2.jar;C:\Users\prasanth.s\.m2\repository\org\mockito\mockito-junit-jupiter\4.5.1\mockito-junit-jupiter-4.5.1.jar;C:\Users\prasanth.s\.m2\repository\org\skyscreamer\jsonassert\1.5.1\jsonassert-1.5.1.jar;C:\Users\prasanth.s\.m2\repository\com\vaadin\external\google\android-json\0.0.20131108.vaadin1\android-json-0.0.20131108.vaadin1.jar;C:\Users\prasanth.s\.m2\repository\org\springframework\spring-core\5.3.25\spring-core-5.3.25.jar;C:\Users\prasanth.s\.m2\repository\org\springframework\spring-jcl\5.3.25\spring-jcl-5.3.25.jar;C:\Users\prasanth.s\.m2\repository\org\springframework\spring-test\5.3.25\spring-test-5.3.25.jar;C:\Users\prasanth.s\.m2\repository\org\xmlunit\xmlunit-core\2.9.1\xmlunit-core-2.9.1.jar;C:\Users\prasanth.s\.m2\repository\org\springframework\boot\spring-boot-starter-web-services\2.7.9\spring-boot-starter-web-services-2.7.9.jar;C:\Users\prasanth.s\.m2\repository\com\sun\xml\messaging\saaj\saaj-impl\1.5.3\saaj-impl-1.5.3.jar;C:\Users\prasanth.s\.m2\repository\jakarta\xml\ws\jakarta.xml.ws-api\2.3.3\jakarta.xml.ws-api-2.3.3.jar;C:\Users\prasanth.s\.m2\repository\org\springframework\spring-oxm\5.3.25\spring-oxm-5.3.25.jar;C:\Users\prasanth.s\.m2\repository\org\springframework\ws\spring-ws-core\3.1.5\spring-ws-core-3.1.5.jar;C:\Users\prasanth.s\.m2\repository\org\springframework\spring-aop\5.3.25\spring-aop-5.3.25.jar;C:\Users\prasanth.s\.m2\repository\com\microsoft\sqlserver\mssql-jdbc\10.2.3.jre8\mssql-jdbc-10.2.3.jre8.jar;C:\Users\prasanth.s\.m2\repository\com\fasterxml\jackson\dataformat\jackson-dataformat-xml\2.13.5\jackson-dataformat-xml-2.13.5.jar;C:\Users\prasanth.s\.m2\repository\org\codehaus\woodstox\stax2-api\4.2.1\stax2-api-4.2.1.jar;C:\Users\prasanth.s\.m2\repository\com\fasterxml\woodstox\woodstox-core\6.4.0\woodstox-core-6.4.0.jar;C:\Users\prasanth.s\.m2\repository\org\springframework\boot\spring-boot-starter-web\2.7.9\spring-boot-starter-web-2.7.9.jar;C:\Users\prasanth.s\.m2\repository\org\springframework\boot\spring-boot-starter-json\2.7.9\spring-boot-starter-json-2.7.9.jar;C:\Users\prasanth.s\.m2\repository\com\fasterxml\jackson\datatype\jackson-datatype-jdk8\2.13.5\jackson-datatype-jdk8-2.13.5.jar;C:\Users\prasanth.s\.m2\repository\com\fasterxml\jackson\module\jackson-module-parameter-names\2.13.5\jackson-module-parameter-names-2.13.5.jar;C:\Users\prasanth.s\.m2\repository\org\springframework\boot\spring-boot-starter-tomcat\2.7.9\spring-boot-starter-tomcat-2.7.9.jar;C:\Users\prasanth.s\.m2\repository\org\apache\tomcat\embed\tomcat-embed-core\9.0.71\tomcat-embed-core-9.0.71.jar;C:\Users\prasanth.s\.m2\repository\org\apache\tomcat\embed\tomcat-embed-el\9.0.71\tomcat-embed-el-9.0.71.jar;C:\Users\prasanth.s\.m2\repository\org\apache\tomcat\embed\tomcat-embed-websocket\9.0.71\tomcat-embed-websocket-9.0.71.jar;C:\Users\prasanth.s\.m2\repository\org\springframework\spring-web\5.3.25\spring-web-5.3.25.jar;C:\Users\prasanth.s\.m2\repository\org\springframework\spring-webmvc\5.3.25\spring-webmvc-5.3.25.jar;C:\Users\prasanth.s\.m2\repository\org\springframework\spring-context\5.3.25\spring-context-5.3.25.jar;C:\Users\prasanth.s\.m2\repository\org\springframework\spring-expression\5.3.25\spring-expression-5.3.25.jar;C:\Users\prasanth.s\.m2\repository\org\apache\cxf\cxf-spring-boot-starter-jaxrs\3.6.0\cxf-spring-boot-starter-jaxrs-3.6.0.jar;C:\Users\prasanth.s\.m2\repository\org\apache\cxf\cxf-spring-boot-autoconfigure\3.6.0\cxf-spring-boot-autoconfigure-3.6.0.jar;C:\Users\prasanth.s\.m2\repository\org\apache\cxf\cxf-rt-transports-http\3.6.0\cxf-rt-transports-http-3.6.0.jar;C:\Users\prasanth.s\.m2\repository\org\apache\cxf\cxf-rt-frontend-jaxrs\3.6.0\cxf-rt-frontend-jaxrs-3.6.0.jar;C:\Users\prasanth.s\.m2\repository\jakarta\ws\rs\jakarta.ws.rs-api\2.1.6\jakarta.ws.rs-api-2.1.6.jar;C:\Users\prasanth.s\.m2\repository\org\apache\cxf\cxf-rt-security\3.6.0\cxf-rt-security-3.6.0.jar;C:\Users\prasanth.s\.m2\repository\org\apache\cxf\cxf-rt-rs-client\3.6.0\cxf-rt-rs-client-3.6.0.jar;C:\Users\prasanth.s\.m2\repository\jakarta\validation\jakarta.validation-api\2.0.2\jakarta.validation-api-2.0.2.jar;C:\Users\prasanth.s\.m2\repository\org\springframework\boot\spring-boot-starter-validation\2.7.9\spring-boot-starter-validation-2.7.9.jar;C:\Users\prasanth.s\.m2\repository\org\hibernate\validator\hibernate-validator\6.2.5.Final\hibernate-validator-6.2.5.Final.jar;C:\Users\prasanth.s\.m2\repository\org\jboss\logging\jboss-logging\3.4.3.Final\jboss-logging-3.4.3.Final.jar;C:\Users\prasanth.s\.m2\repository\com\fasterxml\classmate\1.5.1\classmate-1.5.1.jar;C:\Users\prasanth.s\.m2\repository\org\jvnet\jaxb2\maven2\maven-jaxb2-plugin\0.14.0\maven-jaxb2-plugin-0.14.0.jar;C:\Users\prasanth.s\.m2\repository\org\jvnet\jaxb2\maven2\maven-jaxb2-plugin-core\0.14.0\maven-jaxb2-plugin-core-0.14.0.jar;C:\Users\prasanth.s\.m2\repository\org\apache\commons\commons-lang3\3.12.0\commons-lang3-3.12.0.jar;C:\Users\prasanth.s\.m2\repository\com\sun\org\apache\xml\internal\resolver\20050927\resolver-20050927.jar;C:\Users\prasanth.s\.m2\repository\org\apache\maven\maven-plugin-api\2.0.9\maven-plugin-api-2.0.9.jar;C:\Users\prasanth.s\.m2\repository\org\sonatype\plexus\plexus-build-api\0.0.7\plexus-build-api-0.0.7.jar;C:\Users\prasanth.s\.m2\repository\org\apache\maven\maven-project\2.0.9\maven-project-2.0.9.jar;C:\Users\prasanth.s\.m2\repository\org\apache\maven\maven-settings\2.0.9\maven-settings-2.0.9.jar;C:\Users\prasanth.s\.m2\repository\org\apache\maven\maven-profile\2.0.9\maven-profile-2.0.9.jar;C:\Users\prasanth.s\.m2\repository\org\apache\maven\maven-model\2.0.9\maven-model-2.0.9.jar;C:\Users\prasanth.s\.m2\repository\org\apache\maven\maven-artifact-manager\2.0.9\maven-artifact-manager-2.0.9.jar;C:\Users\prasanth.s\.m2\repository\org\apache\maven\maven-repository-metadata\2.0.9\maven-repository-metadata-2.0.9.jar;C:\Users\prasanth.s\.m2\repository\org\apache\maven\wagon\wagon-provider-api\1.0-beta-2\wagon-provider-api-1.0-beta-2.jar;C:\Users\prasanth.s\.m2\repository\org\apache\maven\maven-plugin-registry\2.0.9\maven-plugin-registry-2.0.9.jar;C:\Users\prasanth.s\.m2\repository\org\codehaus\plexus\plexus-container-default\1.0-alpha-9-stable-1\plexus-container-default-1.0-alpha-9-stable-1.jar;C:\Users\prasanth.s\.m2\repository\junit\junit\4.13.2\junit-4.13.2.jar;C:\Users\prasanth.s\.m2\repository\org\hamcrest\hamcrest-core\2.2\hamcrest-core-2.2.jar;C:\Users\prasanth.s\.m2\repository\classworlds\classworlds\1.1-alpha-2\classworlds-1.1-alpha-2.jar;C:\Users\prasanth.s\.m2\repository\org\codehaus\plexus\plexus-utils\1.5.15\plexus-utils-1.5.15.jar;C:\Users\prasanth.s\.m2\repository\org\jvnet\jaxb2\maven2\maven-jaxb23-plugin\0.14.0\maven-jaxb23-plugin-0.14.0.jar;C:\Users\prasanth.s\.m2\repository\org\glassfish\jaxb\jaxb-xjc-jdk9\2.3.0\jaxb-xjc-jdk9-2.3.0.jar;C:\Users\prasanth.s\.m2\repository\org\glassfish\jaxb\xsom\2.3.8\xsom-2.3.8.jar;C:\Users\prasanth.s\.m2\repository\com\sun\xml\bind\external\relaxng-datatype\2.3.8\relaxng-datatype-2.3.8.jar;C:\Users\prasanth.s\.m2\repository\org\glassfish\jaxb\codemodel\2.3.8\codemodel-2.3.8.jar;C:\Users\prasanth.s\.m2\repository\com\sun\xml\bind\external\rngom\2.3.0\rngom-2.3.0.jar;C:\Users\prasanth.s\.m2\repository\com\sun\istack\istack-commons-tools\3.0.5\istack-commons-tools-3.0.5.jar;C:\Users\prasanth.s\.m2\repository\org\apache\ant\ant\1.7.0\ant-1.7.0.jar;C:\Users\prasanth.s\.m2\repository\org\apache\ant\ant-launcher\1.7.0\ant-launcher-1.7.0.jar;C:\Users\prasanth.s\.m2\repository\relaxngDatatype\relaxngDatatype\20020414\relaxngDatatype-20020414.jar;C:\Users\prasanth.s\.m2\repository\com\sun\activation\javax.activation\1.2.0\javax.activation-1.2.0.jar;C:\Users\prasanth.s\.m2\repository\org\apache\maven\plugin-tools\maven-plugin-annotations\3.5\maven-plugin-annotations-3.5.jar;C:\Users\prasanth.s\.m2\repository\org\apache\maven\maven-artifact\3.0\maven-artifact-3.0.jar;C:\Users\prasanth.s\.m2\repository\com\google\code\gson\gson\2.9.1\gson-2.9.1.jar;C:\Users\prasanth.s\.m2\repository\org\apache\cxf\cxf-rt-ws-security\3.6.0\cxf-rt-ws-security-3.6.0.jar;C:\Users\prasanth.s\.m2\repository\org\apache\cxf\cxf-core\3.6.0\cxf-core-3.6.0.jar;C:\Users\prasanth.s\.m2\repository\org\apache\ws\xmlschema\xmlschema-core\2.3.0\xmlschema-core-2.3.0.jar;C:\Users\prasanth.s\.m2\repository\org\apache\cxf\cxf-rt-bindings-soap\3.6.0\cxf-rt-bindings-soap-3.6.0.jar;C:\Users\prasanth.s\.m2\repository\org\apache\cxf\cxf-rt-wsdl\3.6.0\cxf-rt-wsdl-3.6.0.jar;C:\Users\prasanth.s\.m2\repository\org\apache\cxf\cxf-rt-databinding-jaxb\3.6.0\cxf-rt-databinding-jaxb-3.6.0.jar;C:\Users\prasanth.s\.m2\repository\org\apache\cxf\cxf-rt-security-saml\3.6.0\cxf-rt-security-saml-3.6.0.jar;C:\Users\prasanth.s\.m2\repository\org\ehcache\ehcache\3.10.8\ehcache-3.10.8.jar;C:\Users\prasanth.s\.m2\repository\javax\cache\cache-api\1.1.1\cache-api-1.1.1.jar;C:\Users\prasanth.s\.m2\repository\org\apache\wss4j\wss4j-ws-security-dom\2.4.1\wss4j-ws-security-dom-2.4.1.jar;C:\Users\prasanth.s\.m2\repository\org\apache\wss4j\wss4j-ws-security-common\2.4.1\wss4j-ws-security-common-2.4.1.jar;C:\Users\prasanth.s\.m2\repository\org\opensaml\opensaml-saml-impl\3.4.6\opensaml-saml-impl-3.4.6.jar;C:\Users\prasanth.s\.m2\repository\org\opensaml\opensaml-profile-api\3.4.6\opensaml-profile-api-3.4.6.jar;C:\Users\prasanth.s\.m2\repository\org\opensaml\opensaml-core\3.4.6\opensaml-core-3.4.6.jar;C:\Users\prasanth.s\.m2\repository\io\dropwizard\metrics\metrics-core\4.2.16\metrics-core-4.2.16.jar;C:\Users\prasanth.s\.m2\repository\org\opensaml\opensaml-saml-api\3.4.6\opensaml-saml-api-3.4.6.jar;C:\Users\prasanth.s\.m2\repository\org\opensaml\opensaml-xmlsec-api\3.4.6\opensaml-xmlsec-api-3.4.6.jar;C:\Users\prasanth.s\.m2\repository\org\opensaml\opensaml-soap-api\3.4.6\opensaml-soap-api-3.4.6.jar;C:\Users\prasanth.s\.m2\repository\org\opensaml\opensaml-security-impl\3.4.6\opensaml-security-impl-3.4.6.jar;C:\Users\prasanth.s\.m2\repository\org\opensaml\opensaml-security-api\3.4.6\opensaml-security-api-3.4.6.jar;C:\Users\prasanth.s\.m2\repository\org\opensaml\opensaml-xmlsec-impl\3.4.6\opensaml-xmlsec-impl-3.4.6.jar;C:\Users\prasanth.s\.m2\repository\net\shibboleth\utilities\java-support\7.5.2\java-support-7.5.2.jar;C:\Users\prasanth.s\.m2\repository\org\cryptacular\cryptacular\1.2.4\cryptacular-1.2.4.jar;C:\Users\prasanth.s\.m2\repository\org\bouncycastle\bcprov-jdk15on\1.64\bcprov-jdk15on-1.64.jar;C:\Users\prasanth.s\.m2\repository\joda-time\joda-time\2.10.10\joda-time-2.10.10.jar;C:\Users\prasanth.s\.m2\repository\com\google\guava\guava\30.1-jre\guava-30.1-jre.jar;C:\Users\prasanth.s\.m2\repository\com\google\guava\failureaccess\1.0.1\failureaccess-1.0.1.jar;C:\Users\prasanth.s\.m2\repository\org\opensaml\opensaml-xacml-impl\3.4.6\opensaml-xacml-impl-3.4.6.jar;C:\Users\prasanth.s\.m2\repository\org\opensaml\opensaml-xacml-api\3.4.6\opensaml-xacml-api-3.4.6.jar;C:\Users\prasanth.s\.m2\repository\org\opensaml\opensaml-xacml-saml-impl\3.4.6\opensaml-xacml-saml-impl-3.4.6.jar;C:\Users\prasanth.s\.m2\repository\org\opensaml\opensaml-xacml-saml-api\3.4.6\opensaml-xacml-saml-api-3.4.6.jar;C:\Users\prasanth.s\.m2\repository\org\jasypt\jasypt\1.9.3\jasypt-1.9.3.jar;C:\Users\prasanth.s\.m2\repository\org\apache\geronimo\javamail\geronimo-javamail_1.4_mail\1.8.4\geronimo-javamail_1.4_mail-1.8.4.jar;C:\Users\prasanth.s\.m2\repository\org\apache\wss4j\wss4j-policy\2.4.1\wss4j-policy-2.4.1.jar;C:\Users\prasanth.s\.m2\repository\org\apache\neethi\neethi\3.1.1\neethi-3.1.1.jar;C:\Users\prasanth.s\.m2\repository\org\apache\wss4j\wss4j-ws-security-stax\2.4.1\wss4j-ws-security-stax-2.4.1.jar;C:\Users\prasanth.s\.m2\repository\org\apache\wss4j\wss4j-bindings\2.4.1\wss4j-bindings-2.4.1.jar;C:\Users\prasanth.s\.m2\repository\org\apache\wss4j\wss4j-ws-security-policy-stax\2.4.1\wss4j-ws-security-policy-stax-2.4.1.jar;C:\Users\prasanth.s\.m2\repository\org\springframework\ws\spring-ws-security\3.1.3\spring-ws-security-3.1.3.jar;C:\Users\prasanth.s\.m2\repository\org\springframework\ws\spring-xml\3.1.5\spring-xml-3.1.5.jar;C:\Users\prasanth.s\.m2\repository\org\springframework\spring-beans\5.3.25\spring-beans-5.3.25.jar;C:\Users\prasanth.s\.m2\repository\org\springframework\spring-tx\5.3.25\spring-tx-5.3.25.jar;C:\Users\prasanth.s\.m2\repository\org\springframework\security\spring-security-core\5.7.7\spring-security-core-5.7.7.jar;C:\Users\prasanth.s\.m2\repository\org\springframework\security\spring-security-crypto\5.7.7\spring-security-crypto-5.7.7.jar;C:\Users\prasanth.s\.m2\repository\net\sf\ehcache\ehcache\2.10.9.2\ehcache-2.10.9.2.jar;C:\Users\prasanth.s\.m2\repository\org\slf4j\slf4j-api\1.7.36\slf4j-api-1.7.36.jar;C:\Users\prasanth.s\.m2\repository\org\apache\santuario\xmlsec\2.3.0\xmlsec-2.3.0.jar;C:\Users\prasanth.s\.m2\repository\commons-codec\commons-codec\1.15\commons-codec-1.15.jar;C:\Users\prasanth.s\.m2\repository\org\jvnet\staxex\stax-ex\1.8.3\stax-ex-1.8.3.jar;C:\Users\prasanth.s\.m2\repository\org\apache\cxf\cxf-spring-boot-starter-jaxws\3.6.0\cxf-spring-boot-starter-jaxws-3.6.0.jar;C:\Users\prasanth.s\.m2\repository\org\apache\cxf\cxf-rt-frontend-jaxws\3.6.0\cxf-rt-frontend-jaxws-3.6.0.jar;C:\Users\prasanth.s\.m2\repository\xml-resolver\xml-resolver\1.2\xml-resolver-1.2.jar;C:\Users\prasanth.s\.m2\repository\org\ow2\asm\asm\9.5\asm-9.5.jar;C:\Users\prasanth.s\.m2\repository\org\apache\cxf\cxf-rt-bindings-xml\3.6.0\cxf-rt-bindings-xml-3.6.0.jar;C:\Users\prasanth.s\.m2\repository\org\apache\cxf\cxf-rt-frontend-simple\3.6.0\cxf-rt-frontend-simple-3.6.0.jar;C:\Users\prasanth.s\.m2\repository\org\apache\cxf\cxf-rt-ws-addr\3.6.0\cxf-rt-ws-addr-3.6.0.jar;C:\Users\prasanth.s\.m2\repository\org\apache\cxf\cxf-rt-ws-policy\3.6.0\cxf-rt-ws-policy-3.6.0.jar;C:\Users\prasanth.s\.m2\repository\org\apache\cxf\cxf-rt-features-metrics\3.6.0\cxf-rt-features-metrics-3.6.0.jar;C:\Users\prasanth.s\.m2\repository\org\apache\cxf\cxf-codegen-plugin\3.6.0\cxf-codegen-plugin-3.6.0.jar;C:\Users\prasanth.s\.m2\repository\org\codehaus\plexus\plexus-archiver\4.6.3\plexus-archiver-4.6.3.jar;C:\Users\prasanth.s\.m2\repository\javax\inject\javax.inject\1\javax.inject-1.jar;C:\Users\prasanth.s\.m2\repository\org\codehaus\plexus\plexus-io\3.4.1\plexus-io-3.4.1.jar;C:\Users\prasanth.s\.m2\repository\commons-io\commons-io\2.11.0\commons-io-2.11.0.jar;C:\Users\prasanth.s\.m2\repository\org\apache\commons\commons-compress\1.22\commons-compress-1.22.jar;C:\Users\prasanth.s\.m2\repository\org\iq80\snappy\snappy\0.4\snappy-0.4.jar;C:\Users\prasanth.s\.m2\repository\org\tukaani\xz\1.9\xz-1.9.jar;C:\Users\prasanth.s\.m2\repository\com\github\luben\zstd-jni\1.5.4-2\zstd-jni-1.5.4-2.jar;C:\Users\prasanth.s\.m2\repository\org\apache\cxf\cxf-tools-common\3.6.0\cxf-tools-common-3.6.0.jar;C:\Users\prasanth.s\.m2\repository\org\apache\velocity\velocity-engine-core\2.3\velocity-engine-core-2.3.jar;C:\Users\prasanth.s\.m2\repository\wsdl4j\wsdl4j\1.6.3\wsdl4j-1.6.3.jar;C:\Users\prasanth.s\.m2\repository\org\glassfish\jaxb\jaxb-xjc\2.3.8\jaxb-xjc-2.3.8.jar;C:\Users\prasanth.s\.m2\repository\com\sun\xml\dtd-parser\dtd-parser\1.4.5\dtd-parser-1.4.5.jar;C:\Users\prasanth.s\.m2\repository\org\apache\cxf\cxf-tools-wsdlto-core\3.6.0\cxf-tools-wsdlto-core-3.6.0.jar;C:\Users\prasanth.s\.m2\repository\org\apache\cxf\cxf-tools-validator\3.6.0\cxf-tools-validator-3.6.0.jar;C:\Users\prasanth.s\.m2\repository\org\apache\cxf\cxf-tools-wsdlto-databinding-jaxb\3.6.0\cxf-tools-wsdlto-databinding-jaxb-3.6.0.jar;C:\Users\prasanth.s\.m2\repository\org\apache\cxf\cxf-tools-wsdlto-frontend-jaxws\3.6.0\cxf-tools-wsdlto-frontend-jaxws-3.6.0.jar;C:\Users\prasanth.s\.m2\repository\org\apache\commons\commons-text\1.10.0\commons-text-1.10.0.jar;C:\Users\prasanth.s\.m2\repository\org\apache\cxf\cxf-tools-wsdlto-frontend-javascript\3.6.0\cxf-tools-wsdlto-frontend-javascript-3.6.0.jar;C:\Users\prasanth.s\.m2\repository\org\apache\cxf\cxf-rt-javascript\3.6.0\cxf-rt-javascript-3.6.0.jar;C:\Users\prasanth.s\.m2\repository\javax\xml\bind\jaxb-api\2.3.1\jaxb-api-2.3.1.jar;C:\Users\prasanth.s\.m2\repository\javax\activation\javax.activation-api\1.2.0\javax.activation-api-1.2.0.jar;C:\Users\prasanth.s\.m2\repository\org\glassfish\jaxb\jaxb-runtime\2.3.8\jaxb-runtime-2.3.8.jar;C:\Users\prasanth.s\.m2\repository\org\glassfish\jaxb\txw2\2.3.8\txw2-2.3.8.jar;C:\Users\prasanth.s\.m2\repository\com\sun\istack\istack-commons-runtime\3.0.12\istack-commons-runtime-3.0.12.jar;C:\Users\prasanth.s\.m2\repository\com\sun\activation\jakarta.activation\1.2.2\jakarta.activation-1.2.2.jar;C:\Users\prasanth.s\.m2\repository\com\sun\xml\ws\policy\2.7.10\policy-2.7.10.jar;C:\Users\prasanth.s\.m2\repository\com\sun\xml\bind\jaxb-impl\2.3.3\jaxb-impl-2.3.3.jar;C:\Users\prasanth.s\.m2\repository\org\glassfish\ha\ha-api\3.1.12\ha-api-3.1.12.jar;C:\Users\prasanth.s\.m2\repository\org\glassfish\external\management-api\3.2.2\management-api-3.2.2.jar;C:\Users\prasanth.s\.m2\repository\org\glassfish\gmbal\gmbal\4.0.1\gmbal-4.0.1.jar;C:\Users\prasanth.s\.m2\repository\org\glassfish\pfl\pfl-tf\4.1.0\pfl-tf-4.1.0.jar;C:\Users\prasanth.s\.m2\repository\org\glassfish\pfl\pfl-basic\4.1.0\pfl-basic-4.1.0.jar;C:\Users\prasanth.s\.m2\repository\com\sun\xml\stream\buffer\streambuffer\1.5.9\streambuffer-1.5.9.jar;C:\Users\prasanth.s\.m2\repository\org\jvnet\mimepull\mimepull\1.9.13\mimepull-1.9.13.jar;C:\Users\prasanth.s\.m2\repository\com\sun\xml\fastinfoset\FastInfoset\1.2.18\FastInfoset-1.2.18.jar;C:\Users\prasanth.s\.m2\repository\jakarta\xml\soap\jakarta.xml.soap-api\1.4.2\jakarta.xml.soap-api-1.4.2.jar;C:\Users\prasanth.s\.m2\repository\jakarta\jws\jakarta.jws-api\2.1.0\jakarta.jws-api-2.1.0.jar;C:\Users\prasanth.s\.m2\repository\jakarta\annotation\jakarta.annotation-api\1.3.5\jakarta.annotation-api-1.3.5.jar;C:\Users\prasanth.s\.m2\repository\com\sun\xml\ws\rt\2.3.3\rt-2.3.3.jar;"/>
    <property name="sun.cpu.endian" value="little"/>
    <property name="user.home" value="C:\Users\prasanth.s"/>
    <property name="user.language" value="en"/>
    <property name="java.specification.vendor" value="Oracle Corporation"/>
    <property name="java.version.date" value="2023-04-18"/>
    <property name="java.home" value="C:\sts-4.18.1.RELEASE\plugins\org.eclipse.justj.openjdk.hotspot.jre.full.win32.x86_64_17.0.7.v20230425-1502\jre"/>
    <property name="file.separator" value="\"/>
    <property name="style.color" value="always"/>
    <property name="basedir" value="D:\Moshina\NWS-ROPservices"/>
    <property name="java.vm.compressedOopsMode" value="Zero based"/>
    <property name="line.separator" value="&#10;"/>
    <property name="java.vm.specification.vendor" value="Oracle Corporation"/>
    <property name="java.specification.name" value="Java Platform API Specification"/>
    <property name="surefire.real.class.path" value="C:\Users\prasanth.s\AppData\Local\Temp\2\surefire3996919246130984611\surefirebooter10315007302150553990.jar"/>
    <property name="user.script" value=""/>
    <property name="sun.management.compiler" value="HotSpot 64-Bit Tiered Compilers"/>
    <property name="java.runtime.version" value="17.0.7+7"/>
    <property name="user.name" value="prasanth.s"/>
    <property name="path.separator" value=";"/>
    <property name="os.version" value="10.0"/>
    <property name="java.runtime.name" value="OpenJDK Runtime Environment"/>
    <property name="file.encoding" value="Cp1252"/>
    <property name="java.vm.name" value="OpenJDK 64-Bit Server VM"/>
    <property name="java.vendor.version" value="Temurin-17.0.7+7"/>
    <property name="localRepository" value="C:\Users\prasanth.s\.m2\repository"/>
    <property name="java.vendor.url.bug" value="https://github.com/adoptium/adoptium-support/issues"/>
    <property name="java.io.tmpdir" value="C:\Users\prasanth.s\AppData\Local\Temp\2\"/>
    <property name="java.version" value="17.0.7"/>
    <property name="user.dir" value="D:\Moshina\NWS-ROPservices"/>
    <property name="os.arch" value="amd64"/>
    <property name="java.vm.specification.name" value="Java Virtual Machine Specification"/>
    <property name="sun.os.patch.level" value=""/>
    <property name="native.encoding" value="Cp1252"/>
    <property name="java.library.path" value="C:\sts-4.18.1.RELEASE\plugins\org.eclipse.justj.openjdk.hotspot.jre.full.win32.x86_64_17.0.7.v20230425-1502\jre\bin;C:\Windows\Sun\Java\bin;C:\Windows\system32;C:\Windows;C:/sts-4.18.1.RELEASE//plugins/org.eclipse.justj.openjdk.hotspot.jre.full.win32.x86_64_17.0.7.v20230425-1502/jre/bin/server;C:/sts-4.18.1.RELEASE//plugins/org.eclipse.justj.openjdk.hotspot.jre.full.win32.x86_64_17.0.7.v20230425-1502/jre/bin;C:\Program Files\Common Files\Oracle\Java\javapath;C:\Program Files (x86)\Common Files\Oracle\Java\javapath;C:\Windows\system32;C:\Windows;C:\Windows\System32\Wbem;C:\Windows\System32\WindowsPowerShell\v1.0\;C:\Windows\System32\OpenSSH\;C:\Program Files\dotnet\;C:\Program Files\Microsoft SQL Server\130\Tools\Binn\;C:\Users\pamidmgmt\Downloads\apache-maven-3.9.1-bin\apache-maven-3.9.1\bin;C:\Program Files\Java\jdk-17\bin;C:\Program Files\apache-maven-3.9.6-bin\apache-maven-3.9.6\bin;C:\Program Files\Java\jdk-17\bin;C:\Users\prasanth.s\AppData\Local\Microsoft\WindowsApps;C:\Users\prasanth.s\AppData\Local\Programs\Microsoft VS Code\bin;C:\sts-4.18.1.RELEASE;;."/>
    <property name="java.vm.info" value="mixed mode"/>
    <property name="java.vendor" value="Eclipse Adoptium"/>
    <property name="java.vm.version" value="17.0.7+7"/>
    <property name="sun.io.unicode.encoding" value="UnicodeLittle"/>
    <property name="java.class.version" value="61.0"/>
  </properties>
  <testcase name="com.micit.rop.NwsRoPservicesApplicationTests" classname="com.micit.rop.NwsRoPservicesApplicationTests" time="0.506">
    <error message="Unable to find a @SpringBootConfiguration, you need to use @ContextConfiguration or @SpringBootTest(classes=...) with your test" type="java.lang.IllegalStateException">java.lang.IllegalStateException: Unable to find a @SpringBootConfiguration, you need to use @ContextConfiguration or @SpringBootTest(classes=...) with your test
</error>
    <system-out><![CDATA[10:16:46.829 [main] DEBUG org.springframework.test.context.BootstrapUtils - Instantiating CacheAwareContextLoaderDelegate from class [org.springframework.test.context.cache.DefaultCacheAwareContextLoaderDelegate]
10:16:46.846 [main] DEBUG org.springframework.test.context.BootstrapUtils - Instantiating BootstrapContext using constructor [public org.springframework.test.context.support.DefaultBootstrapContext(java.lang.Class,org.springframework.test.context.CacheAwareContextLoaderDelegate)]
10:16:46.896 [main] DEBUG org.springframework.test.context.BootstrapUtils - Instantiating TestContextBootstrapper for test class [com.micit.rop.NwsRoPservicesApplicationTests] from class [org.springframework.boot.test.context.SpringBootTestContextBootstrapper]
10:16:46.910 [main] INFO org.springframework.boot.test.context.SpringBootTestContextBootstrapper - Neither @ContextConfiguration nor @ContextHierarchy found for test class [com.micit.rop.NwsRoPservicesApplicationTests], using SpringBootContextLoader
10:16:46.916 [main] DEBUG org.springframework.test.context.support.AbstractContextLoader - Did not detect default resource location for test class [com.micit.rop.NwsRoPservicesApplicationTests]: class path resource [com/micit/rop/NwsRoPservicesApplicationTests-context.xml] does not exist
10:16:46.917 [main] DEBUG org.springframework.test.context.support.AbstractContextLoader - Did not detect default resource location for test class [com.micit.rop.NwsRoPservicesApplicationTests]: class path resource [com/micit/rop/NwsRoPservicesApplicationTestsContext.groovy] does not exist
10:16:46.917 [main] INFO org.springframework.test.context.support.AbstractContextLoader - Could not detect default resource locations for test class [com.micit.rop.NwsRoPservicesApplicationTests]: no resource found for suffixes {-context.xml, Context.groovy}.
10:16:46.918 [main] INFO org.springframework.test.context.support.AnnotationConfigContextLoaderUtils - Could not detect default configuration classes for test class [com.micit.rop.NwsRoPservicesApplicationTests]: NwsRoPservicesApplicationTests does not declare any static, non-private, non-final, nested classes annotated with @Configuration.
10:16:47.085 [main] DEBUG org.springframework.test.context.support.ActiveProfilesUtils - Could not find an 'annotation declaring class' for annotation type [org.springframework.test.context.ActiveProfiles] and class [com.micit.rop.NwsRoPservicesApplicationTests]
]]></system-out>
  </testcase>
</testsuite>